<?xml version="1.0" encoding="UTF-8"?>
<!-- Generated by org.testng.reporters.JUnitXMLReporter -->
<testsuite ignored="1" hostname="DESKTOP-PVL83NM" failures="0" tests="2" name="Default test" time="7.232" errors="0" timestamp="٢٠٢٦-٠٤-٢٠T١٦:٠٤:١٩ EET">
  <testcase classname="Test.Products" name="ProductsPage" time="1.69"/>
  <testcase classname="Test.Products" name="SearchProduct" time="1.766"/>
  <testcase classname="Test.Products" name="ProductDetails" time="0.0">
    <ignored/>
  </testcase> <!-- ProductDetails -->
</testsuite> <!-- Default test -->
