<?xml version="1.0" encoding="UTF-8"?>
<!-- Generated by org.testng.reporters.JUnitXMLReporter -->
<testsuite ignored="0" hostname="DESKTOP-PVL83NM" failures="0" tests="3" name="Default test" time="8.389" errors="0" timestamp="٢٠٢٦-٠٤-٢٢T٠١:٥٥:٤٩ EET">
  <testcase classname="Test.Subscription" name="ConnectDB" time="0.067"/>
  <testcase classname="Test.Subscription" name="HomePageSubscription" time="0.562"/>
  <testcase classname="Test.Subscription" name="CartPageSubscription" time="2.428"/>
</testsuite> <!-- Default test -->
