<?xml version="1.0" encoding="UTF-8"?>
<testng-results ignored="0" total="1" passed="1" failed="0" skipped="0">
  <reporter-output>
  </reporter-output>
  <suite started-at="٢٠٢٦-٠٤-٢٠T١٥:٢٩:٣٧ EET" name="Default suite" finished-at="٢٠٢٦-٠٤-٢٠T١٥:٢٩:٤٩ EET" duration-ms="11863">
    <groups>
    </groups>
    <test started-at="٢٠٢٦-٠٤-٢٠T١٥:٢٩:٣٧ EET" name="Default test" finished-at="٢٠٢٦-٠٤-٢٠T١٥:٢٩:٤٩ EET" duration-ms="11863">
      <class name="Test.Products">
        <test-method is-config="true" signature="Setup()[pri:0, instance:Test.Products@44c03695]" started-at="٢٠٢٦-٠٤-٢٠T١٥:٢٩:٣٧ EET" name="Setup" finished-at="٢٠٢٦-٠٤-٢٠T١٥:٢٩:٤٤ EET" duration-ms="6323" status="PASS">
          <reporter-output>
          </reporter-output>
        </test-method> <!-- Setup -->
        <test-method signature="ProductsPage()[pri:0, instance:Test.Products@44c03695]" started-at="٢٠٢٦-٠٤-٢٠T١٥:٢٩:٤٤ EET" name="ProductsPage" finished-at="٢٠٢٦-٠٤-٢٠T١٥:٢٩:٤٩ EET" duration-ms="5474" status="PASS">
          <reporter-output>
          </reporter-output>
        </test-method> <!-- ProductsPage -->
      </class> <!-- Test.Products -->
    </test> <!-- Default test -->
  </suite> <!-- Default suite -->
</testng-results>
