<?xml version="1.0" encoding="UTF-8"?>
<testng-results ignored="1" total="3" passed="2" failed="0" skipped="0">
  <reporter-output>
  </reporter-output>
  <suite started-at="٢٠٢٦-٠٤-٢٠T١٦:٠٤:١٢ EET" name="Default suite" finished-at="٢٠٢٦-٠٤-٢٠T١٦:٠٤:١٩ EET" duration-ms="7232">
    <groups>
    </groups>
    <test started-at="٢٠٢٦-٠٤-٢٠T١٦:٠٤:١٢ EET" name="Default test" finished-at="٢٠٢٦-٠٤-٢٠T١٦:٠٤:١٩ EET" duration-ms="7232">
      <class name="Test.Products">
        <test-method is-config="true" signature="Setup()[pri:0, instance:Test.Products@dd05255]" started-at="٢٠٢٦-٠٤-٢٠T١٦:٠٤:١٢ EET" name="Setup" finished-at="٢٠٢٦-٠٤-٢٠T١٦:٠٤:١٦ EET" duration-ms="3710" status="PASS">
          <reporter-output>
          </reporter-output>
        </test-method> <!-- Setup -->
        <test-method signature="ProductsPage()[pri:1, instance:Test.Products@dd05255]" started-at="٢٠٢٦-٠٤-٢٠T١٦:٠٤:١٦ EET" name="ProductsPage" finished-at="٢٠٢٦-٠٤-٢٠T١٦:٠٤:١٨ EET" duration-ms="1690" status="PASS">
          <reporter-output>
          </reporter-output>
        </test-method> <!-- ProductsPage -->
        <test-method signature="SearchProduct()[pri:2, instance:Test.Products@dd05255]" started-at="٢٠٢٦-٠٤-٢٠T١٦:٠٤:١٨ EET" name="SearchProduct" finished-at="٢٠٢٦-٠٤-٢٠T١٦:٠٤:١٩ EET" duration-ms="1766" status="PASS">
          <reporter-output>
          </reporter-output>
        </test-method> <!-- SearchProduct -->
      </class> <!-- Test.Products -->
    </test> <!-- Default test -->
  </suite> <!-- Default suite -->
</testng-results>
