<?xml version="1.0" encoding="UTF-8"?>
<!-- Generated by org.testng.reporters.JUnitReportReporter -->
<testsuite hostname="DESKTOP-PVL83NM" failures="0" tests="3" name="Test.Products" time="٣.٤٥٦" errors="0" timestamp="٢٠٢٦-٠٤-٢٠T١٦:٠٤:٢٠ EET" skipped="1">
  <testcase classname="Test.Products" name="ProductsPage" time="١.٦٩٠"/>
  <testcase classname="Test.Products" name="SearchProduct" time="١.٧٦٦"/>
  <testcase classname="Test.Products" name="ProductDetails">
    <skipped/>
  </testcase> <!-- ProductDetails -->
</testsuite> <!-- Test.Products -->
