<?xml version="1.0" encoding="UTF-8"?>
<!-- Generated by org.testng.reporters.JUnitReportReporter -->
<testsuite hostname="DESKTOP-PVL83NM" failures="0" tests="3" name="Test.Products" time="١٠.٤١٩" errors="0" timestamp="٢٠٢٦-٠٤-٢١T١٦:٤٣:٤١ EET" skipped="1">
  <testcase classname="Test.Products" name="ProductsPage" time="٦.٨٢٩"/>
  <testcase classname="Test.Products" name="SearchProduct" time="٣.٥٩٠"/>
  <testcase classname="Test.Products" name="ProductDetails">
    <skipped/>
  </testcase> <!-- ProductDetails -->
</testsuite> <!-- Test.Products -->
