<?xml version="1.0" encoding="UTF-8"?>
<!-- Generated by org.testng.reporters.JUnitReportReporter -->
<testsuite hostname="DESKTOP-PVL83NM" failures="0" tests="3" name="Test.Subscription" time="٣.٠٦٦" errors="0" timestamp="٢٠٢٦-٠٤-٢٢T٠١:٥٥:٥٠ EET" skipped="0">
  <testcase classname="Test.Subscription" name="ConnectDB" time="٠.٠٦٧"/>
  <testcase classname="Test.Subscription" name="HomePageSubscription" time="٠.٥٦٢"/>
  <testcase classname="Test.Subscription" name="CartPageSubscription" time="٢.٤٣٧"/>
</testsuite> <!-- Test.Subscription -->
