<?xml version="1.0" encoding="UTF-8"?>
<!-- Generated by org.testng.reporters.JUnitReportReporter -->
<testsuite hostname="DESKTOP-PVL83NM" failures="0" tests="5" name="Test.Login" time="٤.٣١٦" errors="0" timestamp="٢٠٢٦-٠٤-١٩T١١:٣٣:٢٨ EET" skipped="2">
  <testcase classname="Test.Login" name="ConnectDB" time="٠.٠٩٣"/>
  <testcase classname="Test.Login" name="LoginUser" time="٣.٢٢٥"/>
  <testcase classname="Test.Login" name="Logout" time="٠.٩٩٨"/>
  <testcase classname="Test.Login" name="DeleteAccount">
    <skipped/>
  </testcase> <!-- DeleteAccount -->
  <testcase classname="Test.Login" name="IncorrectLogin">
    <skipped/>
  </testcase> <!-- IncorrectLogin -->
</testsuite> <!-- Test.Login -->
