<?xml version="1.0" encoding="UTF-8"?>
<!-- Generated by org.testng.reporters.JUnitReportReporter -->
<testsuite hostname="DESKTOP-PVL83NM" failures="0" tests="6" name="Test.Signup" time="٥٩.٤٢٦" errors="0" timestamp="٢٠٢٦-٠٤-١٩T١١:٥١:١٣ EET" skipped="1">
  <testcase classname="Test.Signup" name="ConnectDB" time="٠.٠٦٩"/>
  <testcase classname="Test.Signup" name="RegisterUser" time="٢.٨٢١"/>
  <testcase classname="Test.Signup" name="FillAccountInformation" time="١١.٩٦٩"/>
  <testcase classname="Test.Signup" name="Logout" time="٠.٩٣٠"/>
  <testcase classname="Test.Signup" name="DuplicateEmail" time="٤٣.٦٣٧"/>
  <testcase classname="Test.Signup" name="DeleteAccount">
    <skipped/>
  </testcase> <!-- DeleteAccount -->
</testsuite> <!-- Test.Signup -->
